C51 COMPILER V9.60.7.0   MAIN                                                              09/25/2024 11:53:34 PAGE 1   


C51 COMPILER V9.60.7.0, COMPILATION OF MODULE MAIN
OBJECT MODULE PLACED IN .\Objects\main.obj
COMPILER INVOKED BY: C:\Keil_v5\C51\BIN\C51.EXE main.c OPTIMIZE(8,SPEED) BROWSE DEBUG OBJECTEXTEND PRINT(.\Listings\main
                    -.lst) TABS(2) OBJECT(.\Objects\main.obj)

line level    source

   1          #include <reg51.h>
   2          #include "DS1302.h"
   3          #include <string.h>
   4          
   5          unsigned char sec =50;
   6          unsigned char min =59;
   7          unsigned char hour=23;
   8          //unsigned char day=31;
   9          //unsigned char mon=12;
  10          //unsigned int year=24;
  11          unsigned int d1000_ms=0;
  12          
  13          //unsigned int numday ;
  14          void DS1302_settime(unsigned char hour, unsigned char minute, unsigned char second);
  15          sbit d1 = P2^0;
  16          void timer_interrupt () interrupt 1
  17          {
  18   1        
  19   1      
  20   1           
  21   1        d1000_ms++;
  22   1        if(d1000_ms==5000)
  23   1        {
  24   2            DS1302_CE=1;
  25   2          DS1302_readbyte();
  26   2          DS1302_CE=0;
  27   2          
  28   2          DS1302_gettime(); 
  29   2          
  30   2          sec++;
  31   2          d1 = ~d1;
  32   2          
  33   2        lcd_set_cursor(1,14);
  34   2        lcd_display_int(sec );
  35   2        lcd_char(' ');
  36   2       
  37   2        lcd_set_cursor(1,13);
  38   2        lcd_char(':');
  39   2          
  40   2        lcd_set_cursor(1,10);
  41   2        lcd_display_int(min);
  42   2        lcd_char(' ');
  43   2          
  44   2        lcd_set_cursor(1,8);
  45   2        lcd_char(':');
  46   2        lcd_set_cursor(1,5);
  47   2        lcd_display_int(hour);
  48   2        lcd_char(' ');
  49   2          
  50   2      //  lcd_set_cursor(1,5);
  51   2      //  lcd_display_int(day);
  52   2      //  lcd_char(' ');
  53   2      //  
  54   2      //  lcd_set_cursor(1,8);
C51 COMPILER V9.60.7.0   MAIN                                                              09/25/2024 11:53:34 PAGE 2   

  55   2      //  lcd_char(':');
  56   2      //  
  57   2      //  lcd_set_cursor(1,10);
  58   2      //  lcd_display_int(mon);
  59   2      //  lcd_char(' ');
  60   2      //  
  61   2      //  lcd_set_cursor(1,13);
  62   2      //  lcd_char(':');
  63   2      //  
  64   2      //  lcd_set_cursor(1,14);
  65   2      //  lcd_display_int(year);
  66   2      //  lcd_char(' ');
  67   2        
  68   2      
  69   2      //  numday = dayinmonth(mon, year);
  70   2         
  71   2          if(sec==59)
  72   2          {
  73   3            sec=0;
  74   3            min++;
  75   3          }
  76   2          if(min==60)
  77   2          {
  78   3            
  79   3            min=0;
  80   3            hour++;
  81   3          }
  82   2          if(hour==24)
  83   2          {
  84   3            hour=0;
  85   3        //    day++;
  86   3          }
  87   2      //    if(day > numday)
  88   2      //    {
  89   2      //      day=1;
  90   2      //      mon++;
  91   2      //    }
  92   2      //    if(mon > 12)
  93   2      //    {
  94   2      //      mon=1;
  95   2      //      year++;
  96   2      //    }
  97   2      
  98   2          d1000_ms=0;
  99   2        }
 100   1        
 101   1          
 102   1        
 103   1      
 104   1      }
 105             
 106          void main()
 107          {
 108   1        lcd_init();
 109   1        DS1302_init();
 110   1        DS1302_settime(0x23,0x59,0x50);
 111   1        lcd_set_cursor(1,0);
 112   1        lcd_string("Time:");
 113   1      //  lcd_set_cursor(1,0);
 114   1      //  lcd_string("Date:");
 115   1        TMOD = 0x02;
 116   1        TH0= 0xD1; 
C51 COMPILER V9.60.7.0   MAIN                                                              09/25/2024 11:53:34 PAGE 3   

 117   1        ET0=1;
 118   1        EA=1;
 119   1        TR0=1;
 120   1      
 121   1            
 122   1        
 123   1          
 124   1      
 125   1        while(1)
 126   1        {
 127   2      
 128   2        } 
 129   1      }
 130          
 131          
 132          
 133          
 134          
 135          
 136          
 137          
 138          
 139          
 140          
 141          
 142          
 143          
 144          
 145          
 146          
 147          
 148          
 149          
 150          
 151          
 152          
 153          
 154          
 155          
 156          
 157          
 158          
 159          
 160          //void main()
 161          //{
 162          //  lcd_init();
 163          //  DS1302_init();
 164          //  DS1302_settime(0x23,0x59,0x50);
 165          //  DS1302_setdate(0x31,0x12,0x23);
 166          //  while(1)
 167          //  {
 168          //    DS1302_CE=1;
 169          //    DS1302_readbyte();
 170          //    DS1302_CE=0;
 171          //    
 172          //    DS1302_gettime();
 173          //    DS1302_getdate();
 174          //    
 175          //  }
 176          //}


C51 COMPILER V9.60.7.0   MAIN                                                              09/25/2024 11:53:34 PAGE 4   

MODULE INFORMATION:   STATIC OVERLAYABLE
   CODE SIZE        =    251    ----
   CONSTANT SIZE    =      6    ----
   XDATA SIZE       =   ----    ----
   PDATA SIZE       =   ----    ----
   DATA SIZE        =      5    ----
   IDATA SIZE       =   ----    ----
   BIT SIZE         =   ----    ----
END OF MODULE INFORMATION.


C51 COMPILATION COMPLETE.  0 WARNING(S),  0 ERROR(S)
